<?xml version="1.0" encoding="UTF-8"?>
<!-- Generated by org.testng.reporters.JUnitReportReporter -->
<testsuite hostname="L003355" failures="0" tests="1" name="nonbdd.GetAllEmployees" time="3.624" errors="0" timestamp="2024-06-10T19:25:18 IST" skipped="0">
  <testcase classname="nonbdd.GetAllEmployees" name="getAllEmployees" time="3.624"/>
</testsuite> <!-- nonbdd.GetAllEmployees -->
