<?xml version="1.0" encoding="UTF-8"?>
<!-- Generated by org.testng.reporters.JUnitReportReporter -->
<testsuite hostname="L003355" failures="0" tests="5" name="nonbdd.PracticeHttpMethods" time="3.465" errors="0" timestamp="2024-06-11T19:51:49 IST" skipped="4">
  <testcase classname="nonbdd.PracticeHttpMethods" name="getAEmployee" time="3.465"/>
  <testcase classname="nonbdd.PracticeHttpMethods" name="postDetail">
    <skipped/>
  </testcase> <!-- postDetail -->
  <testcase classname="nonbdd.PracticeHttpMethods" name="updateDetails">
    <skipped/>
  </testcase> <!-- updateDetails -->
  <testcase classname="nonbdd.PracticeHttpMethods" name="getAllDetails">
    <skipped/>
  </testcase> <!-- getAllDetails -->
  <testcase classname="nonbdd.PracticeHttpMethods" name="getAllEmployees">
    <skipped/>
  </testcase> <!-- getAllEmployees -->
</testsuite> <!-- nonbdd.PracticeHttpMethods -->
